<?xml version="1.0" encoding="UTF-8"?><testsuite name="nosetests" tests="6" errors="0" failures="0" skip="0"><testcase classname="testsuite.test_posts.TestPosts" name="test001_create" time="0.318"></testcase><testcase classname="testsuite.test_posts.TestPosts" name="test002_view_0_1" time="0.022"></testcase><testcase classname="testsuite.test_posts.TestPosts" name="test002_view_1_2" time="0.025"></testcase><testcase classname="testsuite.test_posts.TestPosts" name="test003_list" time="0.026"></testcase><testcase classname="testsuite.test_posts.TestPosts" name="test004_update" time="0.357"></testcase><testcase classname="testsuite.test_posts.TestPosts" name="test005_delete" time="0.349"></testcase></testsuite>